<?xml version="1.0" encoding="UTF-8" ?>
<testsuite tests="4" failures="0" name="com.xiaxinyu.OA.service.UserServiceTest" time="0.038" errors="2" skipped="0">
  <properties>
[...]
</properties>
  <testcase classname="com.xiaxinyu.OA.service.UserServiceTest" name="testSelectNodeByUserId" time="0.016"/>
  <testcase classname="com.xiaxinyu.OA.service.UserServiceTest" name="testCheckLogin1" time="0.012">
    <error message="L001:用户名不存在" type="com.xiaxinyu.OA.service.exception.BusinessException">com.xiaxinyu.OA.service.exception.BusinessException: L001:用户名不存在
	at com.xiaxinyu.OA.service.UserService.checkLogin(UserService.java:28)
	at com.xiaxinyu.OA.service.UserServiceTest.testCheckLogin1(UserServiceTest.java:14)
	at sun.reflect.NativeMethodAccessorImpl.invoke0(Native Method)
	at sun.reflect.NativeMethodAccessorImpl.invoke(NativeMethodAccessorImpl.java:62)
	at sun.reflect.DelegatingMethodAccessorImpl.invoke(DelegatingMethodAccessorImpl.java:43)
	at java.lang.reflect.Method.invoke(Method.java:498)
	at junit.framework.TestCase.runTest(TestCase.java:176)
	at junit.framework.TestCase.runBare(TestCase.java:141)
	at junit.framework.TestResult$1.protect(TestResult.java:122)
	at junit.framework.TestResult.runProtected(TestResult.java:142)
	at junit.framework.TestResult.run(TestResult.java:125)
	at junit.framework.TestCase.run(TestCase.java:129)
	at junit.framework.TestSuite.runTest(TestSuite.java:252)
	at junit.framework.TestSuite.run(TestSuite.java:247)
	at org.junit.internal.runners.JUnit38ClassRunner.run(JUnit38ClassRunner.java:86)
	at org.apache.maven.surefire.junit4.JUnit4Provider.execute(JUnit4Provider.java:252)
	at org.apache.maven.surefire.junit4.JUnit4Provider.executeTestSet(JUnit4Provider.java:141)
	at org.apache.maven.surefire.junit4.JUnit4Provider.invoke(JUnit4Provider.java:112)
	at sun.reflect.NativeMethodAccessorImpl.invoke0(Native Method)
	at sun.reflect.NativeMethodAccessorImpl.invoke(NativeMethodAccessorImpl.java:62)
	at sun.reflect.DelegatingMethodAccessorImpl.invoke(DelegatingMethodAccessorImpl.java:43)
	at java.lang.reflect.Method.invoke(Method.java:498)
	at org.apache.maven.surefire.util.ReflectionUtils.invokeMethodWithArray(ReflectionUtils.java:189)
	at org.apache.maven.surefire.booter.ProviderFactory$ProviderProxy.invoke(ProviderFactory.java:165)
	at org.apache.maven.surefire.booter.ProviderFactory.invokeProvider(ProviderFactory.java:85)
	at org.apache.maven.surefire.booter.ForkedBooter.runSuitesInProcess(ForkedBooter.java:115)
	at org.apache.maven.surefire.booter.ForkedBooter.main(ForkedBooter.java:75)
</error>
    <system-out>[main] DEBUG o.a.i.t.jdbc.JdbcTransaction - Opening JDBC Connection
[main] DEBUG o.a.i.t.jdbc.JdbcTransaction - Setting autocommit to false on JDBC Connection [com.mysql.cj.jdbc.ConnectionImpl@4d910fd6]
[main] DEBUG usermapper.selectByUsername - ==&gt;  Preparing: SELECT * FROM sys_user WHERE user_name = ?
[main] DEBUG usermapper.selectByUsername - ==&gt; Parameters: uu(String)
[main] DEBUG usermapper.selectByUsername - &lt;==      Total: 0
[main] DEBUG o.a.i.t.jdbc.JdbcTransaction - Resetting autocommit to true on JDBC Connection [com.mysql.cj.jdbc.ConnectionImpl@4d910fd6]
[main] DEBUG o.a.i.t.jdbc.JdbcTransaction - Closing JDBC Connection [com.mysql.cj.jdbc.ConnectionImpl@4d910fd6]
</system-out>
  </testcase>
  <testcase classname="com.xiaxinyu.OA.service.UserServiceTest" name="testCheckLogin2" time="0.004">
    <error message="L002:密码错误" type="com.xiaxinyu.OA.service.exception.BusinessException">com.xiaxinyu.OA.service.exception.BusinessException: L002:密码错误
	at com.xiaxinyu.OA.service.UserService.checkLogin(UserService.java:32)
	at com.xiaxinyu.OA.service.UserServiceTest.testCheckLogin2(UserServiceTest.java:19)
	at sun.reflect.NativeMethodAccessorImpl.invoke0(Native Method)
	at sun.reflect.NativeMethodAccessorImpl.invoke(NativeMethodAccessorImpl.java:62)
	at sun.reflect.DelegatingMethodAccessorImpl.invoke(DelegatingMethodAccessorImpl.java:43)
	at java.lang.reflect.Method.invoke(Method.java:498)
	at junit.framework.TestCase.runTest(TestCase.java:176)
	at junit.framework.TestCase.runBare(TestCase.java:141)
	at junit.framework.TestResult$1.protect(TestResult.java:122)
	at junit.framework.TestResult.runProtected(TestResult.java:142)
	at junit.framework.TestResult.run(TestResult.java:125)
	at junit.framework.TestCase.run(TestCase.java:129)
	at junit.framework.TestSuite.runTest(TestSuite.java:252)
	at junit.framework.TestSuite.run(TestSuite.java:247)
	at org.junit.internal.runners.JUnit38ClassRunner.run(JUnit38ClassRunner.java:86)
	at org.apache.maven.surefire.junit4.JUnit4Provider.execute(JUnit4Provider.java:252)
	at org.apache.maven.surefire.junit4.JUnit4Provider.executeTestSet(JUnit4Provider.java:141)
	at org.apache.maven.surefire.junit4.JUnit4Provider.invoke(JUnit4Provider.java:112)
	at sun.reflect.NativeMethodAccessorImpl.invoke0(Native Method)
	at sun.reflect.NativeMethodAccessorImpl.invoke(NativeMethodAccessorImpl.java:62)
	at sun.reflect.DelegatingMethodAccessorImpl.invoke(DelegatingMethodAccessorImpl.java:43)
	at java.lang.reflect.Method.invoke(Method.java:498)
	at org.apache.maven.surefire.util.ReflectionUtils.invokeMethodWithArray(ReflectionUtils.java:189)
	at org.apache.maven.surefire.booter.ProviderFactory$ProviderProxy.invoke(ProviderFactory.java:165)
	at org.apache.maven.surefire.booter.ProviderFactory.invokeProvider(ProviderFactory.java:85)
	at org.apache.maven.surefire.booter.ForkedBooter.runSuitesInProcess(ForkedBooter.java:115)
	at org.apache.maven.surefire.booter.ForkedBooter.main(ForkedBooter.java:75)
</error>
    <system-out>[main] DEBUG o.a.i.t.jdbc.JdbcTransaction - Opening JDBC Connection
[main] DEBUG o.a.i.t.jdbc.JdbcTransaction - Setting autocommit to false on JDBC Connection [com.mysql.cj.jdbc.ConnectionImpl@4d910fd6]
[main] DEBUG usermapper.selectByUsername - ==&gt;  Preparing: SELECT * FROM sys_user WHERE user_name = ?
[main] DEBUG usermapper.selectByUsername - ==&gt; Parameters: m8(String)
[main] DEBUG usermapper.selectByUsername - &lt;==      Total: 1
[main] DEBUG o.a.i.t.jdbc.JdbcTransaction - Resetting autocommit to true on JDBC Connection [com.mysql.cj.jdbc.ConnectionImpl@4d910fd6]
[main] DEBUG o.a.i.t.jdbc.JdbcTransaction - Closing JDBC Connection [com.mysql.cj.jdbc.ConnectionImpl@4d910fd6]
</system-out>
  </testcase>
  <testcase classname="com.xiaxinyu.OA.service.UserServiceTest" name="testCheckLogin3" time="0.006"/>
</testsuite>